\BOOKMARK [0][-]{chapter*.1}{\376\377\000D\000E\000D\000I\000C\000A\000T\000O\000R\000I\000A}{}% 1
\BOOKMARK [0][-]{chapter*.2}{\376\377\000R\000E\000S\000U\000M\000E\000N}{}% 2
\BOOKMARK [0][-]{chapter*.3}{\376\377\000I\000N\000T\000R\000O\000D\000U\000C\000C\000I\000\323\000N}{}% 3
\BOOKMARK [0][-]{chapter.1}{\376\377\000P\000E\000N\000S\000A\000M\000I\000E\000N\000T\000O\000\040\000E\000S\000T\000R\000A\000T\000\311\000G\000I\000C\000O}{}% 4
\BOOKMARK [1][-]{section.1.1}{\376\377\000D\000I\000A\000G\000N\000\323\000S\000T\000I\000C\000O\000\040\000F\000U\000N\000C\000I\000O\000N\000A\000L}{chapter.1}% 5
\BOOKMARK [2][-]{subsection.1.1.1}{\376\377\000H\000i\000s\000t\000o\000r\000i\000a\000\040\000d\000e\000\040\000E\000m\000p\000r\000e\000s\000a}{section.1.1}% 6
\BOOKMARK [2][-]{subsection.1.1.2}{\376\377\000O\000r\000g\000a\000n\000i\000z\000a\000c\000i\000\363\000n}{section.1.1}% 7
\BOOKMARK [2][-]{subsection.1.1.3}{\376\377\000S\000e\000r\000v\000i\000c\000i\000o\000s}{section.1.1}% 8
\BOOKMARK [2][-]{subsection.1.1.4}{\376\377\000C\000l\000i\000e\000n\000t\000e\000s}{section.1.1}% 9
\BOOKMARK [2][-]{subsection.1.1.5}{\376\377\000P\000r\000o\000v\000e\000e\000d\000o\000r\000e\000s}{section.1.1}% 10
\BOOKMARK [1][-]{section.1.2}{\376\377\000D\000I\000A\000G\000N\000\323\000S\000T\000I\000C\000O\000\040\000E\000S\000T\000R\000A\000T\000\311\000G\000I\000C\000O}{chapter.1}% 11
\BOOKMARK [2][-]{subsection.1.2.1}{\376\377\000M\000i\000s\000i\000\363\000n}{section.1.2}% 12
\BOOKMARK [2][-]{subsection.1.2.2}{\376\377\000V\000i\000s\000i\000\363\000n}{section.1.2}% 13
\BOOKMARK [0][-]{chapter.2}{\376\377\000M\000A\000R\000C\000O\000\040\000T\000E\000\323\000R\000I\000C\000O}{}% 14
\BOOKMARK [1][-]{section.2.1}{\376\377\000L\000O\000G\000\315\000S\000T\000I\000C\000A}{chapter.2}% 15
\BOOKMARK [2][-]{subsection.2.1.1}{\376\377\000P\000l\000a\000n\000i\000f\000i\000c\000a\000c\000i\000\363\000n\000\040\000d\000e\000\040\000c\000o\000m\000p\000r\000a\000s}{section.2.1}% 16
\BOOKMARK [2][-]{subsection.2.1.2}{\376\377\000C\000r\000o\000n\000o\000g\000r\000a\000m\000a\000\040\000d\000e\000\040\000M\000a\000t\000e\000r\000i\000a\000l\000e\000s}{section.2.1}% 17
\BOOKMARK [1][-]{section.2.2}{\376\377\000L\000E\000A\000N\000\040\000S\000I\000X\000\040\000S\000I\000G\000M\000A}{chapter.2}% 18
\BOOKMARK [0][-]{section.2.2}{\376\377\000R\000E\000F\000E\000R\000E\000N\000C\000I\000A\000S\000\040\000B\000I\000B\000L\000I\000O\000G\000R\000\301\000F\000I\000C\000A\000S}{}% 19
\BOOKMARK [0][-]{section*.5}{\376\377\000A\000N\000E\000X\000O\000S}{}% 20
\BOOKMARK [0][-]{appendix.Alph1}{\376\377\000M\000a\000t\000r\000i\000z\000\040\000d\000e\000\040\000c\000o\000n\000s\000i\000s\000t\000e\000n\000c\000i\000a}{}% 21
\BOOKMARK [0][-]{appendix.Alph2}{\376\377\000T\000r\000a\000b\000l\000a\000\040\000d\000e\000\040\000l\000o\000\040\000q\000u\000e\000\040\000s\000e\000a}{}% 22
